2021-04-21 12:20:10,417 WARNING django.request Not Found: /profile/users
2021-04-21 12:21:12,540 INFO django.utils.autoreload E:\Python\Yandex\Projects\SocialNetworkOnPythonDjango\SocialNetwork\entities\urls.py changed, reloading.
2021-04-21 12:21:12,540 DEBUG asyncio Using proactor: IocpProactor
2021-04-21 12:23:10,093 WARNING django.request Not Found: /profile/follow/[object Object]
2021-04-21 12:23:11,367 WARNING django.request Not Found: /profile/follow/[object Object]
2021-04-21 12:26:00,018 INFO django.utils.autoreload E:\Python\Yandex\Projects\SocialNetworkOnPythonDjango\SocialNetwork\entities\views.py changed, reloading.
2021-04-21 12:26:00,018 DEBUG asyncio Using proactor: IocpProactor
2021-04-21 12:27:05,571 INFO django.utils.autoreload E:\Python\Yandex\Projects\SocialNetworkOnPythonDjango\SocialNetwork\entities\views.py changed, reloading.
2021-04-21 12:27:05,571 DEBUG asyncio Using proactor: IocpProactor
2021-04-21 12:28:33,845 INFO django.utils.autoreload E:\Python\Yandex\Projects\SocialNetworkOnPythonDjango\SocialNetwork\entities\views.py changed, reloading.
2021-04-21 12:28:33,845 DEBUG asyncio Using proactor: IocpProactor
2021-04-21 12:32:07,887 INFO django.utils.autoreload E:\Python\Yandex\Projects\SocialNetworkOnPythonDjango\SocialNetwork\socketio_app\views.py changed, reloading.
2021-04-21 12:32:07,887 DEBUG asyncio Using proactor: IocpProactor
2021-04-21 12:32:37,420 INFO django.utils.autoreload E:\Python\Yandex\Projects\SocialNetworkOnPythonDjango\SocialNetwork\socketio_app\views.py changed, reloading.
2021-04-21 12:32:37,421 DEBUG asyncio Using proactor: IocpProactor
2021-04-21 12:35:00,415 INFO django.utils.autoreload E:\Python\Yandex\Projects\SocialNetworkOnPythonDjango\SocialNetwork\socketio_app\views.py changed, reloading.
2021-04-21 12:35:00,416 DEBUG asyncio Using proactor: IocpProactor
2021-04-21 12:47:36,838 INFO django.utils.autoreload E:\Python\Yandex\Projects\SocialNetworkOnPythonDjango\SocialNetwork\socketio_app\views.py changed, reloading.
2021-04-21 12:47:36,839 DEBUG asyncio Using proactor: IocpProactor
2021-04-21 12:48:24,657 INFO django.utils.autoreload E:\Python\Yandex\Projects\SocialNetworkOnPythonDjango\SocialNetwork\socketio_app\views.py changed, reloading.
2021-04-21 12:48:24,658 DEBUG asyncio Using proactor: IocpProactor
2021-04-21 12:49:19,208 INFO django.utils.autoreload E:\Python\Yandex\Projects\SocialNetworkOnPythonDjango\SocialNetwork\socketio_app\views.py changed, reloading.
2021-04-21 12:49:19,209 DEBUG asyncio Using proactor: IocpProactor
2021-04-21 12:49:37,129 INFO django.utils.autoreload E:\Python\Yandex\Projects\SocialNetworkOnPythonDjango\SocialNetwork\socketio_app\views.py changed, reloading.
2021-04-21 12:49:37,129 DEBUG asyncio Using proactor: IocpProactor
2021-04-21 12:50:21,704 INFO django.utils.autoreload E:\Python\Yandex\Projects\SocialNetworkOnPythonDjango\SocialNetwork\socketio_app\views.py changed, reloading.
2021-04-21 12:50:21,704 DEBUG asyncio Using proactor: IocpProactor
2021-04-21 21:52:26,319 WARNING django.request Not Found: /
2021-04-22 22:45:02,052 INFO django.utils.autoreload E:\Python\Yandex\Projects\SocialNetworkOnPythonDjango\SocialNetwork\socketio_app\views.py changed, reloading.
2021-04-22 22:45:02,063 DEBUG asyncio Using proactor: IocpProactor
2021-04-22 22:45:23,367 INFO django.utils.autoreload E:\Python\Yandex\Projects\SocialNetworkOnPythonDjango\SocialNetwork\socketio_app\views.py changed, reloading.
2021-04-22 22:45:23,367 DEBUG asyncio Using proactor: IocpProactor
2021-04-22 22:45:31,253 INFO django.utils.autoreload E:\Python\Yandex\Projects\SocialNetworkOnPythonDjango\SocialNetwork\socketio_app\views.py changed, reloading.
2021-04-22 22:45:31,254 DEBUG asyncio Using proactor: IocpProactor
2021-04-22 22:47:20,316 INFO django.utils.autoreload E:\Python\Yandex\Projects\SocialNetworkOnPythonDjango\SocialNetwork\socketio_app\views.py changed, reloading.
2021-04-22 22:47:20,318 DEBUG asyncio Using proactor: IocpProactor
2021-04-22 22:56:40,367 INFO django.utils.autoreload E:\Python\Yandex\Projects\SocialNetworkOnPythonDjango\SocialNetwork\socketio_app\views.py changed, reloading.
2021-04-22 22:56:40,367 DEBUG asyncio Using proactor: IocpProactor
2021-04-22 22:59:46,736 INFO django.utils.autoreload E:\Python\Yandex\Projects\SocialNetworkOnPythonDjango\SocialNetwork\socketio_app\views.py changed, reloading.
2021-04-22 22:59:46,737 DEBUG asyncio Using proactor: IocpProactor
2021-04-22 23:03:09,047 INFO django.utils.autoreload E:\Python\Yandex\Projects\SocialNetworkOnPythonDjango\SocialNetwork\socketio_app\views.py changed, reloading.
2021-04-22 23:03:09,048 DEBUG asyncio Using proactor: IocpProactor
2021-04-22 23:07:15,784 INFO django.utils.autoreload E:\Python\Yandex\Projects\SocialNetworkOnPythonDjango\SocialNetwork\socketio_app\views.py changed, reloading.
2021-04-22 23:07:15,785 DEBUG asyncio Using proactor: IocpProactor
2021-04-22 23:10:23,954 INFO django.utils.autoreload E:\Python\Yandex\Projects\SocialNetworkOnPythonDjango\SocialNetwork\socketio_app\views.py changed, reloading.
2021-04-22 23:10:23,957 DEBUG asyncio Using proactor: IocpProactor
2021-04-22 23:10:29,693 INFO django.utils.autoreload E:\Python\Yandex\Projects\SocialNetworkOnPythonDjango\SocialNetwork\entities\views.py changed, reloading.
2021-04-22 23:10:29,694 DEBUG asyncio Using proactor: IocpProactor
2021-04-22 23:13:19,053 INFO django.utils.autoreload E:\Python\Yandex\Projects\SocialNetworkOnPythonDjango\SocialNetwork\socketio_app\views.py changed, reloading.
2021-04-22 23:13:19,054 DEBUG asyncio Using proactor: IocpProactor
2021-04-22 23:14:49,141 INFO django.utils.autoreload E:\Python\Yandex\Projects\SocialNetworkOnPythonDjango\SocialNetwork\socketio_app\views.py changed, reloading.
2021-04-22 23:14:49,141 DEBUG asyncio Using proactor: IocpProactor
2021-04-22 23:14:54,463 INFO django.utils.autoreload E:\Python\Yandex\Projects\SocialNetworkOnPythonDjango\SocialNetwork\socketio_app\views.py changed, reloading.
2021-04-22 23:14:54,464 DEBUG asyncio Using proactor: IocpProactor
2021-04-22 23:15:21,998 WARNING root Field 'id' expected a number but got 'None]'.
2021-04-22 23:16:02,347 INFO django.utils.autoreload E:\Python\Yandex\Projects\SocialNetworkOnPythonDjango\SocialNetwork\socketio_app\views.py changed, reloading.
2021-04-22 23:16:02,347 DEBUG asyncio Using proactor: IocpProactor
2021-04-22 23:16:04,943 WARNING root Field 'id' expected a number but got 'None]'.
2021-04-22 23:16:21,495 WARNING root Field 'id' expected a number but got 'None]'.
2021-04-22 23:19:20,652 INFO django.utils.autoreload E:\Python\Yandex\Projects\SocialNetworkOnPythonDjango\SocialNetwork\socketio_app\models.py changed, reloading.
2021-04-22 23:19:20,653 DEBUG asyncio Using proactor: IocpProactor
2021-04-22 23:19:24,114 DEBUG asyncio Using proactor: IocpProactor
2021-04-22 23:20:29,337 INFO django.utils.autoreload E:\Python\Yandex\Projects\SocialNetworkOnPythonDjango\SocialNetwork\socketio_app\models.py changed, reloading.
2021-04-22 23:20:29,337 DEBUG asyncio Using proactor: IocpProactor
2021-04-22 23:20:43,762 INFO django.utils.autoreload E:\Python\Yandex\Projects\SocialNetworkOnPythonDjango\SocialNetwork\socketio_app\views.py changed, reloading.
2021-04-22 23:20:43,763 DEBUG asyncio Using proactor: IocpProactor
2021-04-22 23:21:42,808 INFO django.utils.autoreload E:\Python\Yandex\Projects\SocialNetworkOnPythonDjango\SocialNetwork\socketio_app\views.py changed, reloading.
2021-04-22 23:21:42,809 DEBUG asyncio Using proactor: IocpProactor
2021-04-22 23:22:16,051 INFO django.utils.autoreload E:\Python\Yandex\Projects\SocialNetworkOnPythonDjango\SocialNetwork\socketio_app\models.py changed, reloading.
2021-04-22 23:22:16,051 DEBUG asyncio Using proactor: IocpProactor
2021-04-22 23:22:49,315 INFO django.utils.autoreload E:\Python\Yandex\Projects\SocialNetworkOnPythonDjango\SocialNetwork\socketio_app\models.py changed, reloading.
2021-04-22 23:22:49,315 DEBUG asyncio Using proactor: IocpProactor
2021-04-22 23:24:13,566 INFO django.utils.autoreload E:\Python\Yandex\Projects\SocialNetworkOnPythonDjango\SocialNetwork\socketio_app\views.py changed, reloading.
2021-04-22 23:24:13,567 DEBUG asyncio Using proactor: IocpProactor
2021-04-22 23:24:47,027 INFO django.utils.autoreload E:\Python\Yandex\Projects\SocialNetworkOnPythonDjango\SocialNetwork\socketio_app\views.py changed, reloading.
2021-04-22 23:24:47,028 DEBUG asyncio Using proactor: IocpProactor
2021-04-22 23:28:24,346 INFO django.utils.autoreload E:\Python\Yandex\Projects\SocialNetworkOnPythonDjango\SocialNetwork\socketio_app\views.py changed, reloading.
2021-04-22 23:28:24,346 DEBUG asyncio Using proactor: IocpProactor
2021-04-22 23:28:34,445 INFO django.utils.autoreload E:\Python\Yandex\Projects\SocialNetworkOnPythonDjango\SocialNetwork\socketio_app\views.py changed, reloading.
2021-04-22 23:28:34,446 DEBUG asyncio Using proactor: IocpProactor
2021-04-22 23:31:09,536 INFO django.utils.autoreload E:\Python\Yandex\Projects\SocialNetworkOnPythonDjango\SocialNetwork\socketio_app\views.py changed, reloading.
2021-04-22 23:31:09,537 DEBUG asyncio Using proactor: IocpProactor
2021-04-22 23:36:23,734 INFO django.utils.autoreload E:\Python\Yandex\Projects\SocialNetworkOnPythonDjango\SocialNetwork\socketio_app\views.py changed, reloading.
2021-04-22 23:36:23,735 DEBUG asyncio Using proactor: IocpProactor
2021-04-22 23:37:38,308 INFO django.utils.autoreload E:\Python\Yandex\Projects\SocialNetworkOnPythonDjango\SocialNetwork\socketio_app\views.py changed, reloading.
2021-04-22 23:37:38,308 DEBUG asyncio Using proactor: IocpProactor
2021-04-22 23:38:59,235 INFO django.utils.autoreload E:\Python\Yandex\Projects\SocialNetworkOnPythonDjango\SocialNetwork\socketio_app\views.py changed, reloading.
2021-04-22 23:38:59,235 DEBUG asyncio Using proactor: IocpProactor
2021-04-22 23:53:37,335 WARNING django.request Not Found: /profile/follow/[object Object]
2021-04-22 23:53:39,863 WARNING django.request Not Found: /profile/follow/[object Object]
2021-04-23 13:32:56,130 DEBUG asyncio Using proactor: IocpProactor
2021-04-23 13:34:00,648 INFO django.utils.autoreload E:\Python\Yandex\Projects\SocialNetworkOnPythonDjango\SocialNetwork\entities\urls.py changed, reloading.
2021-04-23 13:34:00,648 DEBUG asyncio Using proactor: IocpProactor
2021-04-23 13:36:42,318 INFO django.utils.autoreload E:\Python\Yandex\Projects\SocialNetworkOnPythonDjango\SocialNetwork\entities\views.py changed, reloading.
2021-04-23 13:36:42,318 DEBUG asyncio Using proactor: IocpProactor
2021-04-23 13:37:15,454 INFO django.utils.autoreload E:\Python\Yandex\Projects\SocialNetworkOnPythonDjango\SocialNetwork\entities\views.py changed, reloading.
2021-04-23 13:37:15,455 DEBUG asyncio Using proactor: IocpProactor
2021-04-23 13:37:23,251 INFO django.utils.autoreload E:\Python\Yandex\Projects\SocialNetworkOnPythonDjango\SocialNetwork\entities\urls.py changed, reloading.
2021-04-23 13:37:23,252 DEBUG asyncio Using proactor: IocpProactor
2021-04-23 13:42:57,307 INFO django.utils.autoreload E:\Python\Yandex\Projects\SocialNetworkOnPythonDjango\SocialNetwork\entities\views.py changed, reloading.
2021-04-23 13:42:57,308 DEBUG asyncio Using proactor: IocpProactor
2021-04-23 14:00:26,829 INFO django.utils.autoreload E:\Python\Yandex\Projects\SocialNetworkOnPythonDjango\SocialNetwork\entities\views.py changed, reloading.
2021-04-23 14:00:26,830 DEBUG asyncio Using proactor: IocpProactor
2021-04-23 14:01:17,226 INFO django.utils.autoreload E:\Python\Yandex\Projects\SocialNetworkOnPythonDjango\SocialNetwork\entities\views.py changed, reloading.
2021-04-23 14:01:17,226 DEBUG asyncio Using proactor: IocpProactor
2021-04-23 14:08:12,231 INFO django.utils.autoreload E:\Python\Yandex\Projects\SocialNetworkOnPythonDjango\SocialNetwork\entities\views.py changed, reloading.
2021-04-23 14:08:12,231 DEBUG asyncio Using proactor: IocpProactor
2021-04-23 14:16:27,244 INFO django.utils.autoreload E:\Python\Yandex\Projects\SocialNetworkOnPythonDjango\SocialNetwork\entities\views.py changed, reloading.
2021-04-23 14:16:27,246 DEBUG asyncio Using proactor: IocpProactor
2021-04-23 14:30:39,442 INFO django.utils.autoreload E:\Python\Yandex\Projects\SocialNetworkOnPythonDjango\SocialNetwork\entities\views.py changed, reloading.
2021-04-23 14:30:39,443 DEBUG asyncio Using proactor: IocpProactor
2021-04-23 14:32:07,326 INFO django.utils.autoreload E:\Python\Yandex\Projects\SocialNetworkOnPythonDjango\SocialNetwork\entities\urls.py changed, reloading.
2021-04-23 14:32:07,326 DEBUG asyncio Using proactor: IocpProactor
2021-04-23 14:32:39,527 INFO django.utils.autoreload E:\Python\Yandex\Projects\SocialNetworkOnPythonDjango\SocialNetwork\entities\urls.py changed, reloading.
2021-04-23 14:32:39,527 DEBUG asyncio Using proactor: IocpProactor
2021-04-23 14:32:48,847 ERROR django.request Internal Server Error: /profile/posts/19
Traceback (most recent call last):
  File "E:\Python\venvs\SocialNetworkOnPythonDjango\lib\site-packages\django\core\handlers\exception.py", line 47, in inner
    response = get_response(request)
  File "E:\Python\venvs\SocialNetworkOnPythonDjango\lib\site-packages\django\core\handlers\base.py", line 181, in _get_response
    response = wrapped_callback(request, *callback_args, **callback_kwargs)
  File "E:\Python\venvs\SocialNetworkOnPythonDjango\lib\site-packages\django\views\decorators\csrf.py", line 54, in wrapped_view
    return view_func(*args, **kwargs)
  File "E:\Python\venvs\SocialNetworkOnPythonDjango\lib\site-packages\django\views\generic\base.py", line 70, in view
    return self.dispatch(request, *args, **kwargs)
  File "E:\Python\venvs\SocialNetworkOnPythonDjango\lib\site-packages\rest_framework\views.py", line 511, in dispatch
    self.response = self.finalize_response(request, response, *args, **kwargs)
  File "E:\Python\venvs\SocialNetworkOnPythonDjango\lib\site-packages\rest_framework\views.py", line 423, in finalize_response
    assert isinstance(response, HttpResponseBase), (
AssertionError: Expected a `Response`, `HttpResponse` or `HttpStreamingResponse` to be returned from the view, but received a `<class 'NoneType'>`
2021-04-23 14:32:48,903 ERROR django.request Internal Server Error: /profile/posts/19
Traceback (most recent call last):
  File "E:\Python\venvs\SocialNetworkOnPythonDjango\lib\site-packages\django\core\handlers\exception.py", line 47, in inner
    response = get_response(request)
  File "E:\Python\venvs\SocialNetworkOnPythonDjango\lib\site-packages\django\core\handlers\base.py", line 181, in _get_response
    response = wrapped_callback(request, *callback_args, **callback_kwargs)
  File "E:\Python\venvs\SocialNetworkOnPythonDjango\lib\site-packages\django\views\decorators\csrf.py", line 54, in wrapped_view
    return view_func(*args, **kwargs)
  File "E:\Python\venvs\SocialNetworkOnPythonDjango\lib\site-packages\django\views\generic\base.py", line 70, in view
    return self.dispatch(request, *args, **kwargs)
  File "E:\Python\venvs\SocialNetworkOnPythonDjango\lib\site-packages\rest_framework\views.py", line 511, in dispatch
    self.response = self.finalize_response(request, response, *args, **kwargs)
  File "E:\Python\venvs\SocialNetworkOnPythonDjango\lib\site-packages\rest_framework\views.py", line 423, in finalize_response
    assert isinstance(response, HttpResponseBase), (
AssertionError: Expected a `Response`, `HttpResponse` or `HttpStreamingResponse` to be returned from the view, but received a `<class 'NoneType'>`
2021-04-23 14:33:30,070 INFO django.utils.autoreload E:\Python\Yandex\Projects\SocialNetworkOnPythonDjango\SocialNetwork\entities\views.py changed, reloading.
2021-04-23 14:33:30,071 DEBUG asyncio Using proactor: IocpProactor
2021-04-23 14:36:46,512 INFO django.utils.autoreload E:\Python\Yandex\Projects\SocialNetworkOnPythonDjango\SocialNetwork\entities\urls.py changed, reloading.
2021-04-23 14:36:46,512 DEBUG asyncio Using proactor: IocpProactor
2021-04-23 14:40:37,558 DEBUG asyncio Using proactor: IocpProactor
2021-04-23 14:46:14,681 WARNING django.request Not Found: /auth/me
2021-04-23 14:46:49,027 INFO django.utils.autoreload E:\Python\Yandex\Projects\SocialNetworkOnPythonDjango\SocialNetwork\SocialNetwork\urls.py changed, reloading.
2021-04-23 14:46:49,027 DEBUG asyncio Using proactor: IocpProactor
2021-04-23 14:47:03,623 INFO django.utils.autoreload E:\Python\Yandex\Projects\SocialNetworkOnPythonDjango\SocialNetwork\SocialNetwork\urls.py changed, reloading.
2021-04-23 14:47:03,624 DEBUG asyncio Using proactor: IocpProactor
2021-04-23 14:48:33,842 DEBUG asyncio Using proactor: IocpProactor
2021-04-23 14:48:48,578 DEBUG asyncio Using proactor: IocpProactor
2021-04-23 14:49:00,808 DEBUG asyncio Using proactor: IocpProactor
